 ** (wireshark:148858) 20:15:20.045116 [GUI WARNING] -- QStandardPaths: XDG_RUNTIME_DIR not set, defaulting to '/tmp/runtime-root'
 ** (wireshark:148858) 20:15:27.254973 [Capture MESSAGE] -- Capture Start ...
 ** (wireshark:148858) 20:15:27.334702 [Capture MESSAGE] -- Capture started
 ** (wireshark:148858) 20:15:27.334740 [Capture MESSAGE] -- File: "/tmp/wireshark_wlx24ec998bee93VSZNY1.pcapng"
 ** (wireshark:148858) 20:19:05.591815 [Capture MESSAGE] -- Capture Stop ...
 ** (wireshark:148858) 20:19:05.657883 [Capture MESSAGE] -- Capture stopped.
 ** (wireshark:148858) 20:19:05.694990 [Capture MESSAGE] -- Capture Start ...
 ** (wireshark:148858) 20:19:05.738448 [Capture MESSAGE] -- Capture started
 ** (wireshark:148858) 20:19:05.738494 [Capture MESSAGE] -- File: "/tmp/wireshark_wlx24ec998bee930PG7Y1.pcapng"
 ** (wireshark:148858) 20:30:48.511161 [Capture MESSAGE] -- Error message from child: "The network adapter "wlx24ec998bee93" is no longer attached; the capture has stopped.", ""
 ** (wireshark:148858) 20:31:07.115559 [Capture MESSAGE] -- Capture stopped.
 ** (wireshark:148858) 08:44:21.003114 [Capture MESSAGE] -- Capture Start ...
 ** (wireshark:148858) 08:44:21.041935 [Capture MESSAGE] -- Capture started
 ** (wireshark:148858) 08:44:21.041978 [Capture MESSAGE] -- File: "/tmp/wireshark_wlx24ec998bee93PEHVY1.pcapng"
 ** (wireshark:148858) 08:44:44.699409 [Capture MESSAGE] -- Capture Stop ...
 ** (wireshark:148858) 08:44:44.757774 [Capture MESSAGE] -- Capture stopped.
 ** (wireshark:148858) 08:44:44.820888 [Capture MESSAGE] -- Capture Start ...
 ** (wireshark:148858) 08:44:44.871584 [Capture MESSAGE] -- Capture started
 ** (wireshark:148858) 08:44:44.871653 [Capture MESSAGE] -- File: "/tmp/wireshark_wlx24ec998bee93XZ7ZY1.pcapng"
 ** (wireshark:148858) 08:46:06.175545 [Capture MESSAGE] -- Capture Stop ...
 ** (wireshark:148858) 08:46:06.233805 [Capture MESSAGE] -- Capture stopped.
 ** (wireshark:148858) 08:46:06.349548 [Capture MESSAGE] -- Capture Start ...
 ** (wireshark:148858) 08:46:06.420300 [Capture MESSAGE] -- Capture started
 ** (wireshark:148858) 08:46:06.420338 [Capture MESSAGE] -- File: "/tmp/wireshark_wlx24ec998bee93I83NY1.pcapng"
 ** (wireshark:148858) 08:46:07.179220 [Capture MESSAGE] -- Capture Stop ...
 ** (wireshark:148858) 08:46:07.253776 [Capture MESSAGE] -- Capture stopped.
 ** (wireshark:148858) 08:47:51.043608 [Capture MESSAGE] -- Capture Start ...
 ** (wireshark:148858) 08:47:51.090267 [Capture MESSAGE] -- Capture started
 ** (wireshark:148858) 08:47:51.090303 [Capture MESSAGE] -- File: "/tmp/wireshark_wlx24ec999b30f3N6CUY1.pcapng"
 ** (wireshark:148858) 08:48:58.147418 [Capture MESSAGE] -- Capture Stop ...
 ** (wireshark:148858) 08:48:58.197780 [Capture MESSAGE] -- Capture stopped.
 ** (wireshark:148858) 08:48:58.241770 [Capture MESSAGE] -- Capture Start ...
 ** (wireshark:148858) 08:48:58.285950 [Capture MESSAGE] -- Capture started
 ** (wireshark:148858) 08:48:58.286004 [Capture MESSAGE] -- File: "/tmp/wireshark_wlx24ec999b30f3NU4PY1.pcapng"
 ** (wireshark:148858) 08:48:59.670363 [Capture MESSAGE] -- Capture Stop ...
 ** (wireshark:148858) 08:48:59.717825 [Capture MESSAGE] -- Capture stopped.
 ** (wireshark:148858) 08:49:03.635563 [Capture MESSAGE] -- Capture Start ...
 ** (wireshark:148858) 08:49:03.672816 [Capture MESSAGE] -- Capture started
 ** (wireshark:148858) 08:49:03.672851 [Capture MESSAGE] -- File: "/tmp/wireshark_wlx24ec998bee936CY9Y1.pcapng"
 ** (wireshark:148858) 08:53:11.239083 [Capture MESSAGE] -- Capture Stop ...
 ** (wireshark:148858) 08:53:11.273845 [Capture MESSAGE] -- Capture stopped.
 ** (wireshark:148858) 08:53:11.373711 [Capture MESSAGE] -- Capture Start ...
 ** (wireshark:148858) 08:53:11.458194 [Capture MESSAGE] -- Capture started
 ** (wireshark:148858) 08:53:11.458243 [Capture MESSAGE] -- File: "/tmp/wireshark_wlx24ec998bee932KVSY1.pcapng"
 ** (wireshark:148858) 22:08:50.575735 [Capture MESSAGE] -- Error message from child: "The network adapter "wlx24ec998bee93" is no longer attached; the capture has stopped.", ""
 ** (wireshark:148858) 00:33:23.497083 [Capture MESSAGE] -- Capture stopped.
